#
# There is insufficient memory for the Java Runtime Environment to continue.
# Native memory allocation (malloc) failed to allocate 65552 bytes for Chunk::new
# Possible reasons:
#   The system is out of physical RAM or swap space
#   In 32 bit mode, the process size limit was hit
# Possible solutions:
#   Reduce memory load on the system
#   Increase physical memory or swap space
#   Check if swap backing store is full
#   Use 64 bit Java on a 64 bit OS
#   Decrease Java heap size (-Xmx/-Xms)
#   Decrease number of Java threads
#   Decrease Java thread stack sizes (-Xss)
#   Set larger code cache with -XX:ReservedCodeCacheSize=
# This output file may be truncated or incomplete.
#
#  Out of Memory Error (allocation.cpp:390), pid=8956, tid=0x0000000000002d1c
#
# JRE version: Java(TM) SE Runtime Environment (8.0_102-b14) (build 1.8.0_102-b14)
# Java VM: Java HotSpot(TM) 64-Bit Server VM (25.102-b14 mixed mode windows-amd64 compressed oops)
# Failed to write core dump. Minidumps are not enabled by default on client versions of Windows
#

---------------  T H R E A D  ---------------

Current thread (0x000000001affd000):  JavaThread "C2 CompilerThread0" daemon [_thread_in_native, id=11548, stack(0x000000001ccc0000,0x000000001cdc0000)]

Stack: [0x000000001ccc0000,0x000000001cdc0000]
[error occurred during error reporting (printing stack bounds), id 0xc0000005]

Native frames: (J=compiled Java code, j=interpreted, Vv=VM code, C=native code)


Current CompileTask:
C2: 145912 2972       4       org.codehaus.groovy.antlr.AntlrASTProcessSnippets::traverse (160 bytes)


---------------  P R O C E S S  ---------------

Java Threads: ( => current thread )
  0x000000001e2a0000 JavaThread "UrlChecker-3" daemon [_thread_blocked, id=12012, stack(0x0000000021090000,0x0000000021190000)]
  0x000000001e29f800 JavaThread "AWT-Windows" daemon [_thread_in_native, id=9876, stack(0x000000001c040000,0x000000001c140000)]
  0x000000001e29e000 JavaThread "Java2D Disposer" daemon [_thread_blocked, id=10224, stack(0x00000000203e0000,0x00000000204e0000)]
  0x000000001c433800 JavaThread "Service Thread" daemon [_thread_blocked, id=9240, stack(0x000000001c950000,0x000000001ca50000)]
  0x000000001c408000 JavaThread "C1 CompilerThread2" daemon [_thread_in_native, id=9312, stack(0x000000001ceb0000,0x000000001cfb0000)]
  0x000000001c3c0000 JavaThread "C2 CompilerThread1" daemon [_thread_in_native, id=10312, stack(0x000000001cbc0000,0x000000001ccc0000)]
=>0x000000001affd000 JavaThread "C2 CompilerThread0" daemon [_thread_in_native, id=11548, stack(0x000000001ccc0000,0x000000001cdc0000)]
  0x000000001aff9800 JavaThread "Attach Listener" daemon [_thread_blocked, id=3992, stack(0x000000001ca90000,0x000000001cb90000)]
  0x000000001c3bc800 JavaThread "Signal Dispatcher" daemon [_thread_blocked, id=9860, stack(0x000000001c820000,0x000000001c920000)]
  0x000000001afe0800 JavaThread "Finalizer" daemon [_thread_blocked, id=7268, stack(0x000000001c2b0000,0x000000001c3b0000)]
  0x000000001af99000 JavaThread "Reference Handler" daemon [_thread_blocked, id=7880, stack(0x000000001c140000,0x000000001c240000)]
  0x000000000223c800 JavaThread "main" [_thread_in_vm, id=10016, stack(0x0000000002350000,0x0000000002450000)]

Other Threads:
  0x000000001af91800 VMThread [stack: 0x000000001bf30000,0x000000001c030000] [id=9520]
  0x000000001c44a000 WatcherThread [stack: 0x000000001d120000,0x000000001d220000] [id=7300]

VM state:not at safepoint (normal execution)

VM Mutex/Monitor currently owned by a thread: None

Heap:
 PSYoungGen      total 130048K, used 9847K [0x0000000775100000, 0x000000077dd00000, 0x00000007c0000000)
  eden space 119808K, 1% used [0x0000000775100000,0x000000077533ecc0,0x000000077c600000)
  from space 10240K, 73% used [0x000000077d100000,0x000000077d85f088,0x000000077db00000)
  to   space 11264K, 0% used [0x000000077c600000,0x000000077c600000,0x000000077d100000)
 ParOldGen       total 41472K, used 17174K [0x00000006df200000, 0x00000006e1a80000, 0x0000000775100000)
  object space 41472K, 41% used [0x00000006df200000,0x00000006e02c5a90,0x00000006e1a80000)
 Metaspace       used 27003K, capacity 27484K, committed 27648K, reserved 1073152K
  class space    used 3127K, capacity 3274K, committed 3328K, reserved 1048576K

Card table byte_map: [0x0000000011ae0000,0x00000000121f0000] byte_map_base: 0x000000000e3e7000

Marking Bits: (ParMarkBitMap*) 0x00000000519da6c0
 Begin Bits: [0x0000000012e80000, 0x00000000166b8000)
 End Bits:   [0x00000000166b8000, 0x0000000019ef0000)

Polling page: 0x0000000000240000

CodeCache: size=245760Kb used=11263Kb max_used=11292Kb free=234497Kb
 bounds [0x0000000002720000, 0x0000000003240000, 0x0000000011720000]
 total_blobs=3341 nmethods=2632 adapters=620
 compilation: enabled

Compilation events (10 events):
Event: 145.734 Thread 0x000000001c408000 nmethod 2974 0x0000000003214150 code [0x00000000032142a0, 0x00000000032143b0]
Event: 145.734 Thread 0x000000001c408000 2954       3       org.codehaus.groovy.antlr.parser.GroovyRecognizer::powerExpressionNotPlusMinus (112 bytes)
Event: 145.736 Thread 0x000000001c408000 nmethod 2954 0x00000000031ed210 code [0x00000000031ed4e0, 0x00000000031eea18]
Event: 145.736 Thread 0x000000001c408000 2957   !   3       org.codehaus.groovy.antlr.parser.GroovyRecognizer::conditionalExpression (452 bytes)
Event: 145.743 Thread 0x000000001c408000 nmethod 2957 0x0000000003235390 code [0x0000000003235aa0, 0x000000000323b188]
Event: 145.744 Thread 0x000000001c408000 2968   !   3       org.codehaus.groovy.antlr.parser.GroovyRecognizer::expression (324 bytes)
Event: 145.747 Thread 0x000000001c408000 nmethod 2968 0x0000000002931cd0 code [0x0000000002932120, 0x0000000002935388]
Event: 145.748 Thread 0x000000001c408000 2971       3       org.codehaus.groovy.antlr.parser.GroovyRecognizer::logicalOrExpression (112 bytes)
Event: 145.749 Thread 0x000000001c408000 nmethod 2971 0x0000000002aa1f90 code [0x0000000002aa2260, 0x0000000002aa3798]
Event: 145.750 Thread 0x000000001c408000 2969       3       org.codehaus.groovy.antlr.parser.GroovyRecognizer::relationalExpression (563 bytes)

GC Heap History (10 events):
Event: 17.384 GC heap before
{Heap before GC invocations=7 (full 0):
 PSYoungGen      total 67072K, used 67046K [0x0000000775100000, 0x0000000779c00000, 0x00000007c0000000)
  eden space 60416K, 100% used [0x0000000775100000,0x0000000778c00000,0x0000000778c00000)
  from space 6656K, 99% used [0x0000000779380000,0x00000007799f9b38,0x0000000779a00000)
  to   space 7680K, 0% used [0x0000000778c00000,0x0000000778c00000,0x0000000779380000)
 ParOldGen       total 40960K, used 6972K [0x00000006df200000, 0x00000006e1a00000, 0x0000000775100000)
  object space 40960K, 17% used [0x00000006df200000,0x00000006df8cf140,0x00000006e1a00000)
 Metaspace       used 18853K, capacity 19066K, committed 19328K, reserved 1067008K
  class space    used 2043K, capacity 2132K, committed 2176K, reserved 1048576K
Event: 17.551 GC heap after
Heap after GC invocations=7 (full 0):
 PSYoungGen      total 68096K, used 7648K [0x0000000775100000, 0x000000077db00000, 0x00000007c0000000)
  eden space 60416K, 0% used [0x0000000775100000,0x0000000775100000,0x0000000778c00000)
  from space 7680K, 99% used [0x0000000778c00000,0x0000000779378080,0x0000000779380000)
  to   space 10240K, 0% used [0x000000077d100000,0x000000077d100000,0x000000077db00000)
 ParOldGen       total 40960K, used 9594K [0x00000006df200000, 0x00000006e1a00000, 0x0000000775100000)
  object space 40960K, 23% used [0x00000006df200000,0x00000006dfb5e8d8,0x00000006e1a00000)
 Metaspace       used 18853K, capacity 19066K, committed 19328K, reserved 1067008K
  class space    used 2043K, capacity 2132K, committed 2176K, reserved 1048576K
}
Event: 19.188 GC heap before
{Heap before GC invocations=8 (full 0):
 PSYoungGen      total 68096K, used 68064K [0x0000000775100000, 0x000000077db00000, 0x00000007c0000000)
  eden space 60416K, 100% used [0x0000000775100000,0x0000000778c00000,0x0000000778c00000)
  from space 7680K, 99% used [0x0000000778c00000,0x0000000779378080,0x0000000779380000)
  to   space 10240K, 0% used [0x000000077d100000,0x000000077d100000,0x000000077db00000)
 ParOldGen       total 40960K, used 9594K [0x00000006df200000, 0x00000006e1a00000, 0x0000000775100000)
  object space 40960K, 23% used [0x00000006df200000,0x00000006dfb5e8d8,0x00000006e1a00000)
 Metaspace       used 19108K, capacity 19348K, committed 19584K, reserved 1067008K
  class space    used 2053K, capacity 2138K, committed 2176K, reserved 1048576K
Event: 19.233 GC heap after
Heap after GC invocations=8 (full 0):
 PSYoungGen      total 130048K, used 7904K [0x0000000775100000, 0x000000077dd00000, 0x00000007c0000000)
  eden space 119808K, 0% used [0x0000000775100000,0x0000000775100000,0x000000077c600000)
  from space 10240K, 77% used [0x000000077d100000,0x000000077d8b8030,0x000000077db00000)
  to   space 11264K, 0% used [0x000000077c600000,0x000000077c600000,0x000000077d100000)
 ParOldGen       total 40960K, used 9810K [0x00000006df200000, 0x00000006e1a00000, 0x0000000775100000)
  object space 40960K, 23% used [0x00000006df200000,0x00000006dfb948d8,0x00000006e1a00000)
 Metaspace       used 19108K, capacity 19348K, committed 19584K, reserved 1067008K
  class space    used 2053K, capacity 2138K, committed 2176K, reserved 1048576K
}
Event: 24.269 GC heap before
{Heap before GC invocations=9 (full 0):
 PSYoungGen      total 130048K, used 27058K [0x0000000775100000, 0x000000077dd00000, 0x00000007c0000000)
  eden space 119808K, 15% used [0x0000000775100000,0x00000007763b48a0,0x000000077c600000)
  from space 10240K, 77% used [0x000000077d100000,0x000000077d8b8030,0x000000077db00000)
  to   space 11264K, 0% used [0x000000077c600000,0x000000077c600000,0x000000077d100000)
 ParOldGen       total 40960K, used 9810K [0x00000006df200000, 0x00000006e1a00000, 0x0000000775100000)
  object space 40960K, 23% used [0x00000006df200000,0x00000006dfb948d8,0x00000006e1a00000)
 Metaspace       used 21011K, capacity 21248K, committed 21296K, reserved 1069056K
  class space    used 2345K, capacity 2430K, committed 2432K, reserved 1048576K
Event: 24.319 GC heap after
Heap after GC invocations=9 (full 0):
 PSYoungGen      total 131072K, used 6048K [0x0000000775100000, 0x000000077dd00000, 0x00000007c0000000)
  eden space 119808K, 0% used [0x0000000775100000,0x0000000775100000,0x000000077c600000)
  from space 11264K, 53% used [0x000000077c600000,0x000000077cbe8000,0x000000077d100000)
  to   space 10240K, 0% used [0x000000077d100000,0x000000077d100000,0x000000077db00000)
 ParOldGen       total 40960K, used 13270K [0x00000006df200000, 0x00000006e1a00000, 0x0000000775100000)
  object space 40960K, 32% used [0x00000006df200000,0x00000006dfef5af0,0x00000006e1a00000)
 Metaspace       used 21011K, capacity 21248K, committed 21296K, reserved 1069056K
  class space    used 2345K, capacity 2430K, committed 2432K, reserved 1048576K
}
Event: 24.319 GC heap before
{Heap before GC invocations=10 (full 1):
 PSYoungGen      total 131072K, used 6048K [0x0000000775100000, 0x000000077dd00000, 0x00000007c0000000)
  eden space 119808K, 0% used [0x0000000775100000,0x0000000775100000,0x000000077c600000)
  from space 11264K, 53% used [0x000000077c600000,0x000000077cbe8000,0x000000077d100000)
  to   space 10240K, 0% used [0x000000077d100000,0x000000077d100000,0x000000077db00000)
 ParOldGen       total 40960K, used 13270K [0x00000006df200000, 0x00000006e1a00000, 0x0000000775100000)
  object space 40960K, 32% used [0x00000006df200000,0x00000006dfef5af0,0x00000006e1a00000)
 Metaspace       used 21011K, capacity 21248K, committed 21296K, reserved 1069056K
  class space    used 2345K, capacity 2430K, committed 2432K, reserved 1048576K
Event: 24.606 GC heap after
Heap after GC invocations=10 (full 1):
 PSYoungGen      total 131072K, used 0K [0x0000000775100000, 0x000000077dd00000, 0x00000007c0000000)
  eden space 119808K, 0% used [0x0000000775100000,0x0000000775100000,0x000000077c600000)
  from space 11264K, 0% used [0x000000077c600000,0x000000077c600000,0x000000077d100000)
  to   space 10240K, 0% used [0x000000077d100000,0x000000077d100000,0x000000077db00000)
 ParOldGen       total 41472K, used 17166K [0x00000006df200000, 0x00000006e1a80000, 0x0000000775100000)
  object space 41472K, 41% used [0x00000006df200000,0x00000006e02c3a90,0x00000006e1a80000)
 Metaspace       used 21011K, capacity 21248K, committed 21296K, reserved 1069056K
  class space    used 2345K, capacity 2430K, committed 2432K, reserved 1048576K
}
Event: 145.687 GC heap before
{Heap before GC invocations=11 (full 1):
 PSYoungGen      total 131072K, used 119808K [0x0000000775100000, 0x000000077dd00000, 0x00000007c0000000)
  eden space 119808K, 100% used [0x0000000775100000,0x000000077c600000,0x000000077c600000)
  from space 11264K, 0% used [0x000000077c600000,0x000000077c600000,0x000000077d100000)
  to   space 10240K, 0% used [0x000000077d100000,0x000000077d100000,0x000000077db00000)
 ParOldGen       total 41472K, used 17166K [0x00000006df200000, 0x00000006e1a80000, 0x0000000775100000)
  object space 41472K, 41% used [0x00000006df200000,0x00000006e02c3a90,0x00000006e1a80000)
 Metaspace       used 26963K, capacity 27420K, committed 27648K, reserved 1073152K
  class space    used 3127K, capacity 3274K, committed 3328K, reserved 1048576K
Event: 145.701 GC heap after
Heap after GC invocations=11 (full 1):
 PSYoungGen      total 130048K, used 7548K [0x0000000775100000, 0x000000077dd00000, 0x00000007c0000000)
  eden space 119808K, 0% used [0x0000000775100000,0x0000000775100000,0x000000077c600000)
  from space 10240K, 73% used [0x000000077d100000,0x000000077d85f088,0x000000077db00000)
  to   space 11264K, 0% used [0x000000077c600000,0x000000077c600000,0x000000077d100000)
 ParOldGen       total 41472K, used 17174K [0x00000006df200000, 0x00000006e1a80000, 0x0000000775100000)
  object space 41472K, 41% used [0x00000006df200000,0x00000006e02c5a90,0x00000006e1a80000)
 Metaspace       used 26963K, capacity 27420K, committed 27648K, reserved 1073152K
  class space    used 3127K, capacity 3274K, committed 3328K, reserved 1048576K
}

Deoptimization events (10 events):
Event: 116.539 Thread 0x000000000223c800 Uncommon trap: reason=unstable_if action=reinterpret pc=0x0000000002c30f50 method=java.lang.AbstractStringBuilder.append(I)Ljava/lang/AbstractStringBuilder; @ 16
Event: 116.889 Thread 0x000000000223c800 Uncommon trap: reason=unstable_if action=reinterpret pc=0x000000000297d50c method=java.util.HashMap.getNode(ILjava/lang/Object;)Ljava/util/HashMap$Node; @ 129
Event: 116.889 Thread 0x000000000223c800 Uncommon trap: reason=bimorphic action=maybe_recompile pc=0x00000000028f657c method=java.util.HashMap.putVal(ILjava/lang/Object;Ljava/lang/Object;ZZ)Ljava/lang/Object; @ 203
Event: 116.893 Thread 0x000000000223c800 Uncommon trap: reason=unstable_if action=reinterpret pc=0x00000000029b1830 method=java.util.HashMap.getNode(ILjava/lang/Object;)Ljava/util/HashMap$Node; @ 129
Event: 116.893 Thread 0x000000000223c800 Uncommon trap: reason=bimorphic action=maybe_recompile pc=0x00000000028f657c method=java.util.HashMap.putVal(ILjava/lang/Object;Ljava/lang/Object;ZZ)Ljava/lang/Object; @ 203
Event: 116.893 Thread 0x000000000223c800 Uncommon trap: reason=bimorphic action=maybe_recompile pc=0x00000000028f657c method=java.util.HashMap.putVal(ILjava/lang/Object;Ljava/lang/Object;ZZ)Ljava/lang/Object; @ 203
Event: 116.896 Thread 0x000000000223c800 Uncommon trap: reason=bimorphic action=maybe_recompile pc=0x00000000028f657c method=java.util.HashMap.putVal(ILjava/lang/Object;Ljava/lang/Object;ZZ)Ljava/lang/Object; @ 203
Event: 122.581 Thread 0x000000000223c800 Uncommon trap: reason=null_check action=make_not_entrant pc=0x0000000002ced920 method=org.codehaus.groovy.reflection.ClassInfo.getLocalClassInfoMap()Lorg/codehaus/groovy/reflection/ClassInfo$LocalMap; @ 6
Event: 131.672 Thread 0x000000000223c800 Uncommon trap: reason=predicate action=maybe_recompile pc=0x000000000299ac48 method=java.lang.String.regionMatches(ZILjava/lang/String;II)Z @ 63
Event: 131.687 Thread 0x000000000223c800 Uncommon trap: reason=class_check action=maybe_recompile pc=0x0000000002d07dac method=sun.misc.URLClassPath.getLoader(I)Lsun/misc/URLClassPath$Loader; @ 94

Internal exceptions (10 events):
Event: 131.585 Thread 0x000000000223c800 Exception <a 'java/security/PrivilegedActionException'> (0x000000077b452df0) thrown at [C:\re\workspace\8-2-build-windows-amd64-cygwin\jdk8u102\7268\hotspot\src\share\vm\prims\jvm.cpp, line 1386]
Event: 131.585 Thread 0x000000000223c800 Exception <a 'java/security/PrivilegedActionException'> (0x000000077b4537a0) thrown at [C:\re\workspace\8-2-build-windows-amd64-cygwin\jdk8u102\7268\hotspot\src\share\vm\prims\jvm.cpp, line 1386]
Event: 131.599 Thread 0x000000000223c800 Exception <a 'java/security/PrivilegedActionException'> (0x000000077b5dc298) thrown at [C:\re\workspace\8-2-build-windows-amd64-cygwin\jdk8u102\7268\hotspot\src\share\vm\prims\jvm.cpp, line 1386]
Event: 131.599 Thread 0x000000000223c800 Exception <a 'java/security/PrivilegedActionException'> (0x000000077b5dca60) thrown at [C:\re\workspace\8-2-build-windows-amd64-cygwin\jdk8u102\7268\hotspot\src\share\vm\prims\jvm.cpp, line 1386]
Event: 131.599 Thread 0x000000000223c800 Exception <a 'java/security/PrivilegedActionException'> (0x000000077b5e9a18) thrown at [C:\re\workspace\8-2-build-windows-amd64-cygwin\jdk8u102\7268\hotspot\src\share\vm\prims\jvm.cpp, line 1386]
Event: 131.599 Thread 0x000000000223c800 Exception <a 'java/security/PrivilegedActionException'> (0x000000077b5ea3c8) thrown at [C:\re\workspace\8-2-build-windows-amd64-cygwin\jdk8u102\7268\hotspot\src\share\vm\prims\jvm.cpp, line 1386]
Event: 131.688 Thread 0x000000000223c800 Exception <a 'java/lang/ClassNotFoundException': Script1507640019930BeanInfo> (0x000000077bdc3f30) thrown at [C:\re\workspace\8-2-build-windows-amd64-cygwin\jdk8u102\7268\hotspot\src\share\vm\classfile\systemDictionary.cpp, line 210]
Event: 131.693 Thread 0x000000000223c800 Exception <a 'java/lang/ClassNotFoundException': Script1507640019930Customizer> (0x000000077bdf0878) thrown at [C:\re\workspace\8-2-build-windows-amd64-cygwin\jdk8u102\7268\hotspot\src\share\vm\classfile\systemDictionary.cpp, line 210]
Event: 135.208 Thread 0x000000000223c800 Exception <a 'java/lang/ClassNotFoundException': com/kms/katalon/core/webui/keyword/builtin/ScrollToElementKeywordBeanInfo> (0x000000077c191e50) thrown at [C:\re\workspace\8-2-build-windows-amd64-cygwin\jdk8u102\7268\hotspot\src\share\vm\classfile\systemDi›ÌÑØæ`@
Event: 135.214 Thread 0x000000000223c800 Exception <a 'java/lang/ClassNotFoundException': com/kms/katalon/core/webui/keyword/builtin/ScrollToElementKeywordCustomizer> (0x000000077c1c7a20) thrown at [C:\re\workspace\8-2-build-windows-amd64-cygwin\jdk8u102\7268\hotspot\src\share\vm\classfile\systemC!«µr`@

Events (10 events):
Event: 145.749 loading class java/lang/com$kms$katalon$core$model$FailureHandling
Event: 145.749 loading class java/lang/com$kms$katalon$core$model$FailureHandling done
Event: 145.750 loading class groovy/lang/GroovyObject$java$io$com$kms$katalon$core$model$FailureHandling
Event: 145.750 loading class groovy/lang/GroovyObject$java$io$com$kms$katalon$core$model$FailureHandling done
Event: 145.751 loading class java/io/com$kms$katalon$core$model$FailureHandling
Event: 145.751 loading class java/io/com$kms$katalon$core$model$FailureHandling done
Event: 145.752 loading class groovy/lang/GroovyObject$java$net$com$kms$katalon$core$model$FailureHandling
Event: 145.752 loading class groovy/lang/GroovyObject$java$net$com$kms$katalon$core$model$FailureHandling done
Event: 145.754 loading class java/net/com$kms$katalon$core$model$FailureHandling
Event: 145.754 loading class java/net/com$kms$katalon$core$model$FailureHandling done


Dynamic libraries:
0x000000013f6c0000 - 0x000000013f6f7000 	C:\Users\rgajbhiye\Downloads\Katalon_Studio_Windows_64-4.8\jre\bin\javaw.exe
0x0000000077450000 - 0x00000000775f9000 	C:\Windows\SYSTEM32\ntdll.dll
0x00000000771e0000 - 0x00000000772ff000 	C:\Windows\system32\kernel32.dll
0x000007fefd960000 - 0x000007fefd9cb000 	C:\Windows\system32\KERNELBASE.dll
0x000007fefdd60000 - 0x000007fefde3b000 	C:\Windows\system32\ADVAPI32.dll
0x000007feff010000 - 0x000007feff0af000 	C:\Windows\system32\msvcrt.dll
0x000007feff2c0000 - 0x000007feff2df000 	C:\Windows\SYSTEM32\sechost.dll
0x000007fefeee0000 - 0x000007feff00d000 	C:\Windows\system32\RPCRT4.dll
0x0000000076f80000 - 0x000000007707a000 	C:\Windows\system32\USER32.dll
0x000007feff2e0000 - 0x000007feff347000 	C:\Windows\system32\GDI32.dll
0x000007feff750000 - 0x000007feff75e000 	C:\Windows\system32\LPK.dll
0x000007fefec70000 - 0x000007fefed39000 	C:\Windows\system32\USP10.dll
0x000007fefc340000 - 0x000007fefc534000 	C:\Windows\WinSxS\amd64_microsoft.windows.common-controls_6595b64144ccf1df_6.0.7601.17514_none_fa396087175ac9ac\COMCTL32.dll
0x000007feff6b0000 - 0x000007feff721000 	C:\Windows\system32\SHLWAPI.dll
0x000007fefed40000 - 0x000007fefed6e000 	C:\Windows\system32\IMM32.DLL
0x000007fefedd0000 - 0x000007fefeed9000 	C:\Windows\system32\MSCTF.dll
0x0000000069890000 - 0x0000000069961000 	C:\Users\rgajbhiye\Downloads\Katalon_Studio_Windows_64-4.8\jre\bin\msvcr100.dll
0x00000000511c0000 - 0x0000000051a5a000 	C:\Users\rgajbhiye\Downloads\Katalon_Studio_Windows_64-4.8\jre\bin\server\jvm.dll
0x000007feed2b0000 - 0x000007feed2b9000 	C:\Windows\system32\WSOCK32.dll
0x000007feff660000 - 0x000007feff6ad000 	C:\Windows\system32\WS2_32.dll
0x000007feff3d0000 - 0x000007feff3d8000 	C:\Windows\system32\NSI.dll
0x000007fefba70000 - 0x000007fefbaab000 	C:\Windows\system32\WINMM.dll
0x000007fefca00000 - 0x000007fefca0c000 	C:\Windows\system32\VERSION.dll
0x0000000077620000 - 0x0000000077627000 	C:\Windows\system32\PSAPI.DLL
0x000000005ea20000 - 0x000000005ea2f000 	C:\Users\rgajbhiye\Downloads\Katalon_Studio_Windows_64-4.8\jre\bin\verify.dll
0x000000005a800000 - 0x000000005a829000 	C:\Users\rgajbhiye\Downloads\Katalon_Studio_Windows_64-4.8\jre\bin\java.dll
0x000000005d990000 - 0x000000005d9a6000 	C:\Users\rgajbhiye\Downloads\Katalon_Studio_Windows_64-4.8\jre\bin\zip.dll
0x000007fefde40000 - 0x000007fefebc8000 	C:\Windows\system32\SHELL32.dll
0x000007feff0b0000 - 0x000007feff2b3000 	C:\Windows\system32\ole32.dll
0x000007fefd8b0000 - 0x000007fefd8bf000 	C:\Windows\system32\profapi.dll
0x000000005d5a0000 - 0x000000005d5ba000 	C:\Users\rgajbhiye\Downloads\Katalon_Studio_Windows_64-4.8\jre\bin\net.dll
0x000007fefd0e0000 - 0x000007fefd135000 	C:\Windows\system32\mswsock.dll
0x000007fefd0d0000 - 0x000007fefd0d7000 	C:\Windows\System32\wship6.dll
0x000000005a7e0000 - 0x000000005a7f1000 	C:\Users\rgajbhiye\Downloads\Katalon_Studio_Windows_64-4.8\jre\bin\nio.dll
0x00000000696f0000 - 0x0000000069888000 	C:\Users\rgajbhiye\Downloads\Katalon_Studio_Windows_64-4.8\jre\bin\awt.dll
0x000007fefdc80000 - 0x000007fefdd57000 	C:\Windows\system32\OLEAUT32.dll
0x000007fefbd80000 - 0x000007fefbd98000 	C:\Windows\system32\DWMAPI.DLL
0x000007fefc2e0000 - 0x000007fefc336000 	C:\Windows\system32\uxtheme.dll
0x000007fefd7a0000 - 0x000007fefd7af000 	C:\Windows\system32\CRYPTBASE.dll
0x000007fefcad0000 - 0x000007fefcad7000 	C:\Windows\System32\wshtcpip.dll
0x000007fefcf60000 - 0x000007fefcfbb000 	C:\Windows\system32\DNSAPI.dll
0x000007fefb230000 - 0x000007fefb257000 	C:\Windows\system32\IPHLPAPI.DLL
0x000007fefb220000 - 0x000007fefb22b000 	C:\Windows\system32\WINNSI.DLL
0x000007fefa700000 - 0x000007fefa708000 	C:\Windows\system32\rasadhlp.dll
0x0000000074980000 - 0x00000000749a6000 	C:\Program Files\Bonjour\mdnsNSP.dll
0x000007fefb050000 - 0x000007fefb0a3000 	C:\Windows\System32\fwpuclnt.dll
0x000000005d5c0000 - 0x000000005d5e4000 	C:\Users\rgajbhiye\Downloads\Katalon_Studio_Windows_64-4.8\jre\bin\sunec.dll
0x000007fefd140000 - 0x000007fefd157000 	C:\Windows\system32\CRYPTSP.dll
0x000007fefce40000 - 0x000007fefce87000 	C:\Windows\system32\rsaenh.dll
0x000007fefcbf0000 - 0x000007fefcc0e000 	C:\Windows\system32\USERENV.dll
0x000007fefac80000 - 0x000007fefac91000 	C:\Windows\system32\dhcpcsvc6.DLL
0x000007fefac60000 - 0x000007fefac78000 	C:\Windows\system32\dhcpcsvc.DLL
0x000007fefd740000 - 0x000007fefd797000 	C:\Windows\system32\apphelp.dll
0x0000000180000000 - 0x0000000180038000 	C:\Users\rgajbhiye\AppData\Local\Temp\jna--1748598575\jna6298934922046685428.dll
0x000007fefb880000 - 0x000007fefb895000 	C:\Windows\system32\NLAapi.dll
0x000007fefa6c0000 - 0x000007fefa6d5000 	C:\Windows\system32\napinsp.dll
0x000007fefa6e0000 - 0x000007fefa6f9000 	C:\Windows\system32\pnrpnsp.dll
0x000007fefa6b0000 - 0x000007fefa6bb000 	C:\Windows\System32\winrnr.dll

VM Arguments:
jvm_args: -Dgroovy.home=/C:/Users/rgajbhiye/Downloads/Katalon_Studio_Windows_64-4.8/plugins/org.codehaus.groovy_2.4.7.xx-201611170128-e46/ -Xmx3598m -Dfile.encoding=UTF-8 
java_command: org.codehaus.groovy.tools.GroovyStarter --classpath C:\Users\rgajbhiye\Katalon Studio\CreditCardSuite\Keywords;C:\Users\rgajbhiye\Katalon Studio\CreditCardSuite\Libs;C:\Users\rgajbhiye\Downloads\Katalon_Studio_Windows_64-4.8\configuration\resources\lib\fast-classpath-scanner-1.93.0.jar;C:\Users\rgajbhiye\Downloads\Katalon_Studio_Windows_64-4.8\configuration\resources\lib\httpclient-cache-4.5.2.jar;C:\Users\rgajbhiye\Downloads\Katalon_Studio_Windows_64-4.8\configuration\resources\lib\jbrowserdriver-0.17.0.jar;C:\Users\rgajbhiye\Downloads\Katalon_Studio_Windows_64-4.8\configuration\resources\lib\jbrowserdriver-lib-1.0.0.jar;C:\Users\rgajbhiye\Downloads\Katalon_Studio_Windows_64-4.8\configuration\resources\lib\kat-server.jar;C:\Users\rgajbhiye\Downloads\Katalon_Studio_Windows_64-4.8\configuration\resources\lib\selenium-server-standalone-2.53.0.jar;C:\Users\rgajbhiye\Downloads\Katalon_Studio_Windows_64-4.8\configuration\resources\lib\sikuli-api-1.0.2-standalone.jar;C:\Users\rgajbhiye\Downloads\Katalon_Studio_Windows_64-4.8\configuration\resources\lib\slf4j-api-1.7.2.jar;C:\Users\rgajbhiye\Downloads\Katalon_Studio_Windows_64-4.8\configuration\resources\lib\slf4j-simple-1.7.2.jar;C:\Users\rgajbhiye\Downloads\Katalon_Studio_Windows_64-4.8\configuration\resources\lib\zt-exec-1.7.jar;C:\Users\rgajbhiye\Downloads\Katalon_Studio_Windows_64-4.8\configuration\resources\lib\zt-process-1.3.jar;C:\Users\rgajbhiye\Downloads\Katalon_Studio_Windows_64-4.8\plugins\atu.testrecorder.screen-recorder_2.1.0.jar;C:\Users\rgajbhiye\Downloads\Katalon_Studio_Windows_64-4.8\plugins\com.google.gson_2.3.1.jar;C:\Users\rgajbhiye\Downloads\Katalon_Studio_Windows_64-4.8\plugins\com.google.http-client.google-http-client_1.22.0.jar;C:\Users\rgajbhiye\Downloads\Katalon_Studio_Windows_64-4.8\plugins\com.google.oauth-client.google-oauth-client_1.22.0.jar;C:\Users\rgajbhiye\Downloads\Katalon_Studio_Windows_64-4.8\plugins\com.kms.katalon.constant_1.0.0.201709021433.jar;C:\Users\rgajbhiye\Dow
java_class_path (initial): C:\Users\rgajbhiye\Katalon Studio\CreditCardSuite\bin\keyword;C:\Users\rgajbhiye\Katalon Studio\CreditCardSuite\bin\lib;C:\Users\rgajbhiye\Katalon Studio\CreditCardSuite\bin;C:\Users\rgajbhiye\Downloads\Katalon_Studio_Windows_64-4.8\plugins\com.kms.katalon.core_1.0.0.201709021433.jar;C:\Users\rgajbhiye\Downloads\Katalon_Studio_Windows_64-4.8\configuration\resources\lib\fast-classpath-scanner-1.93.0.jar;C:\Users\rgajbhiye\Downloads\Katalon_Studio_Windows_64-4.8\configuration\resources\lib\httpclient-cache-4.5.2.jar;C:\Users\rgajbhiye\Downloads\Katalon_Studio_Windows_64-4.8\configuration\resources\lib\jbrowserdriver-0.17.0.jar;C:\Users\rgajbhiye\Downloads\Katalon_Studio_Windows_64-4.8\configuration\resources\lib\jbrowserdriver-lib-1.0.0.jar;C:\Users\rgajbhiye\Downloads\Katalon_Studio_Windows_64-4.8\configuration\resources\lib\kat-server.jar;C:\Users\rgajbhiye\Downloads\Katalon_Studio_Windows_64-4.8\configuration\resources\lib\selenium-server-standalone-2.53.0.jar;C:\Users\rgajbhiye\Downloads\Katalon_Studio_Windows_64-4.8\configuration\resources\lib\sikuli-api-1.0.2-standalone.jar;C:\Users\rgajbhiye\Downloads\Katalon_Studio_Windows_64-4.8\configuration\resources\lib\slf4j-api-1.7.2.jar;C:\Users\rgajbhiye\Downloads\Katalon_Studio_Windows_64-4.8\configuration\resources\lib\slf4j-simple-1.7.2.jar;C:\Users\rgajbhiye\Downloads\Katalon_Studio_Windows_64-4.8\configuration\resources\lib\zt-exec-1.7.jar;C:\Users\rgajbhiye\Downloads\Katalon_Studio_Windows_64-4.8\configuration\resources\lib\zt-process-1.3.jar;C:\Users\rgajbhiye\Downloads\Katalon_Studio_Windows_64-4.8\plugins\net.sf.supercsv.super-csv_2.1.0.jar;C:\Users\rgajbhiye\Downloads\Katalon_Studio_Windows_64-4.8\plugins\org.apache.poi_3.9.0.v201405241750.jar;C:\Users\rgajbhiye\Downloads\Katalon_Studio_Windows_64-4.8\plugins\org.apache.poi.ooxml_3.9.0.v201405241905.jar;C:\Users\rgajbhiye\Downloads\Katalon_Studio_Windows_64-4.8\plugins\org.apache.poi.ooxml.schemas_3.9.0.v201405241750.jar;C:\Users\
Launcher Type: SUN_STANDARD

Environment Variables:
JAVA_HOME=C:\Program Files\Java\jdk1.8.0_65
PATH=C:/Users/rgajbhiye/Downloads/Katalon_Studio_Windows_64-4.8/jre/bin/server;C:/Users/rgajbhiye/Downloads/Katalon_Studio_Windows_64-4.8/jre/bin;C:/Users/rgajbhiye/Downloads/Katalon_Studio_Windows_64-4.8/jre/lib/amd64;C:\ProgramData\Oracle\Java\javapath;C:\Program Files\Java\jdk1.8.0_65\bin;C:\Windows\System32;C:\Maven\apache-maven-3.3.9\bin;%USERPROFILE%\.dnx\bin;C:\Program Files\Microsoft DNX\Dnvm\;C:\Program Files\Microsoft SQL Server\130\Tools\Binn\;C:\Program Files\Git\cmd;C:\Users\rgajbhiye\AppData\Local\Android\sdk\tools;C:\Users\rgajbhiye\AppData\Local\Android\sdk\platform-tools;C:\Program Files\nodejs\;C:\Users\rgajbhiye\AppData\Roaming\npm;C:\Users\rgajbhiye\Downloads\Katalon_Studio_Windows_64-4.8;
USERNAME=rgajbhiye
OS=Windows_NT
PROCESSOR_IDENTIFIER=Intel64 Family 6 Model 37 Stepping 5, GenuineIntel



---------------  S Y S T E M  ---------------

OS: Windows 7 , 64 bit Build 7601 (6.1.7601.18015)

CPU:total 4 (2 cores per cpu, 2 threads per core) family 6 model 37 stepping 5, cmov, cx8, fxsr, mmx, sse, sse2, sse3, ssse3, sse4.1, sse4.2, popcnt, ht, tsc, tscinvbit

Memory: 4k page, physical 3857524k(281928k free), swap 6377188k(8892k free)

vm_info: Java HotSpot(TM) 64-Bit Server VM (25.102-b14) for windows-amd64 JRE (1.8.0_102-b14), built on Jun 22 2016 13:15:21 by "java_re" with MS VC++ 10.0 (VS2010)

time: Fri Oct 27 12:03:44 2017
elapsed time: 145 seconds (0d 0h 2m 25s)

