<?xml version="1.0" encoding="UTF-8" standalone="no"?>
<!DOCTYPE log SYSTEM "logger.dtd">
<log>
<record>
  <date>2017-11-14T12:48:46</date>
  <millis>1510643926046</millis>
  <sequence>0</sequence>
  <level>START</level>
  <class>com.kms.katalon.core.logging.KeywordLogger</class>
  <method>startSuite</method>
  <thread>1</thread>
  <message>Start Test Suite : CC_RentalInvoice</message>
  <nestedLevel>0</nestedLevel>
  <property name="name">CC_RentalInvoice</property>
  <property name="description"></property>
  <property name="id">Test Suites/CC_RentalInvoice</property>
</record>
<record>
  <date>2017-11-14T12:48:46</date>
  <millis>1510643926162</millis>
  <sequence>1</sequence>
  <level>RUN_DATA</level>
  <class>com.kms.katalon.core.logging.KeywordLogger</class>
  <method>logMessage</method>
  <thread>1</thread>
  <message>Logging run data &amp;apos;hostName&amp;apos; with value &amp;apos;agawhande - ANIL110.e-emphasys.com&amp;apos;</message>
  <nestedLevel>0</nestedLevel>
  <property name="hostName">agawhande - ANIL110.e-emphasys.com</property>
</record>
<record>
  <date>2017-11-14T12:48:46</date>
  <millis>1510643926163</millis>
  <sequence>2</sequence>
  <level>RUN_DATA</level>
  <class>com.kms.katalon.core.logging.KeywordLogger</class>
  <method>logMessage</method>
  <thread>1</thread>
  <message>Logging run data &amp;apos;os&amp;apos; with value &amp;apos;Windows 7 64bit&amp;apos;</message>
  <nestedLevel>0</nestedLevel>
  <property name="os">Windows 7 64bit</property>
</record>
<record>
  <date>2017-11-14T12:48:46</date>
  <millis>1510643926163</millis>
  <sequence>3</sequence>
  <level>RUN_DATA</level>
  <class>com.kms.katalon.core.logging.KeywordLogger</class>
  <method>logMessage</method>
  <thread>1</thread>
  <message>Logging run data &amp;apos;hostAddress&amp;apos; with value &amp;apos;192.168.25.228&amp;apos;</message>
  <nestedLevel>0</nestedLevel>
  <property name="hostAddress">192.168.25.228</property>
</record>
<record>
  <date>2017-11-14T12:48:46</date>
  <millis>1510643926164</millis>
  <sequence>4</sequence>
  <level>RUN_DATA</level>
  <class>com.kms.katalon.core.logging.KeywordLogger</class>
  <method>logMessage</method>
  <thread>1</thread>
  <message>Logging run data &amp;apos;katalonVersion&amp;apos; with value &amp;apos;4.8.0.2&amp;apos;</message>
  <nestedLevel>0</nestedLevel>
  <property name="katalonVersion">4.8.0.2</property>
</record>
<record>
  <date>2017-11-14T12:48:46</date>
  <millis>1510643926682</millis>
  <sequence>5</sequence>
  <level>START</level>
  <class>com.kms.katalon.core.logging.KeywordLogger</class>
  <method>startTest</method>
  <thread>1</thread>
  <message>Start Test Case : Test Cases/Rental/Base_RentalContract/CreditCardRegression/TC003_RentalContractInvoice_CC</message>
  <nestedLevel>1</nestedLevel>
  <property name="name">Test Cases/Rental/Base_RentalContract/CreditCardRegression/TC003_RentalContractInvoice_CC</property>
  <property name="description"></property>
  <property name="id">Test Cases/Rental/Base_RentalContract/CreditCardRegression/TC003_RentalContractInvoice_CC</property>
  <property name="source">C:\\Users\\agawhande\\git\\CreditCardTest Cases\\Rental\\Base_RentalContract\\CreditCardRegression\\TC003_RentalContractInvoice_CC.tc</property>
  <property name="isOptional">false</property>
</record>
<record>
  <date>2017-11-14T12:48:47</date>
  <millis>1510643927101</millis>
  <sequence>6</sequence>
  <level>INFO</level>
  <class>com.kms.katalon.core.logging.KeywordLogger</class>
  <method>logMessage</method>
  <thread>1</thread>
  <message>Evaluating variables for test case</message>
  <nestedLevel>1</nestedLevel>
</record>
<record>
  <date>2017-11-14T12:48:47</date>
  <millis>1510643927359</millis>
  <sequence>7</sequence>
  <level>INFO</level>
  <class>com.kms.katalon.core.logging.KeywordLogger</class>
  <method>logMessage</method>
  <thread>1</thread>
  <message>Variable &amp;apos;BP&amp;apos; is set to M00000010</message>
  <nestedLevel>1</nestedLevel>
</record>
<record>
  <date>2017-11-14T12:48:47</date>
  <millis>1510643927360</millis>
  <sequence>8</sequence>
  <level>INFO</level>
  <class>com.kms.katalon.core.logging.KeywordLogger</class>
  <method>logMessage</method>
  <thread>1</thread>
  <message>Variable &amp;apos;Unit&amp;apos; is set to MD0018255</message>
  <nestedLevel>1</nestedLevel>
</record>
<record>
  <date>2017-11-14T12:48:47</date>
  <millis>1510643927360</millis>
  <sequence>9</sequence>
  <level>INFO</level>
  <class>com.kms.katalon.core.logging.KeywordLogger</class>
  <method>logMessage</method>
  <thread>1</thread>
  <message>Variable &amp;apos;PaymentGatwayTC&amp;apos; is set to PUBL</message>
  <nestedLevel>1</nestedLevel>
</record>
<record>
  <date>2017-11-14T12:48:47</date>
  <millis>1510643927361</millis>
  <sequence>10</sequence>
  <level>INFO</level>
  <class>com.kms.katalon.core.logging.KeywordLogger</class>
  <method>logMessage</method>
  <thread>1</thread>
  <message>Variable &amp;apos;CardTypeTC&amp;apos; is set to Visa Card</message>
  <nestedLevel>1</nestedLevel>
</record>
<record>
  <date>2017-11-14T12:48:47</date>
  <millis>1510643927361</millis>
  <sequence>11</sequence>
  <level>INFO</level>
  <class>com.kms.katalon.core.logging.KeywordLogger</class>
  <method>logMessage</method>
  <thread>1</thread>
  <message>Variable &amp;apos;CCNOTC&amp;apos; is set to 4012000033330026</message>
  <nestedLevel>1</nestedLevel>
</record>
<record>
  <date>2017-11-14T12:48:47</date>
  <millis>1510643927362</millis>
  <sequence>12</sequence>
  <level>INFO</level>
  <class>com.kms.katalon.core.logging.KeywordLogger</class>
  <method>logMessage</method>
  <thread>1</thread>
  <message>Variable &amp;apos;CVVTC&amp;apos; is set to 865</message>
  <nestedLevel>1</nestedLevel>
</record>
<record>
  <date>2017-11-14T12:48:48</date>
  <millis>1510643928038</millis>
  <sequence>13</sequence>
  <level>START</level>
  <class>com.kms.katalon.core.logging.KeywordLogger</class>
  <method>startKeyword</method>
  <thread>1</thread>
  <message>Start action : callTestCase</message>
  <nestedLevel>1</nestedLevel>
  <property name="startLine">22</property>
  <property name="stepIndex">1</property>
</record>
<record>
  <date>2017-11-14T12:48:48</date>
  <millis>1510643928162</millis>
  <sequence>14</sequence>
  <level>INFO</level>
  <class>com.kms.katalon.core.logging.KeywordLogger</class>
  <method>logMessage</method>
  <thread>1</thread>
  <message>Checking called Test Case</message>
  <nestedLevel>1</nestedLevel>
</record>
<record>
  <date>2017-11-14T12:48:48</date>
  <millis>1510643928164</millis>
  <sequence>15</sequence>
  <level>INFO</level>
  <class>com.kms.katalon.core.logging.KeywordLogger</class>
  <method>logMessage</method>
  <thread>1</thread>
  <message>Starting to call Test Case &amp;apos;Test Cases/Rental/Base_RentalContract/Base_CreateRentalHeader&amp;apos;</message>
  <nestedLevel>1</nestedLevel>
</record>
<record>
  <date>2017-11-14T12:48:48</date>
  <millis>1510643928223</millis>
  <sequence>16</sequence>
  <level>START</level>
  <class>com.kms.katalon.core.logging.KeywordLogger</class>
  <method>startTest</method>
  <thread>1</thread>
  <message>Start Test Case : Test Cases/Rental/Base_RentalContract/Base_CreateRentalHeader</message>
  <nestedLevel>2</nestedLevel>
  <property name="name">Test Cases/Rental/Base_RentalContract/Base_CreateRentalHeader</property>
  <property name="description"></property>
  <property name="id">Test Cases/Rental/Base_RentalContract/Base_CreateRentalHeader</property>
  <property name="source">C:\\Users\\agawhande\\git\\CreditCardTest Cases\\Rental\\Base_RentalContract\\Base_CreateRentalHeader.tc</property>
  <property name="isOptional">false</property>
</record>
<record>
  <date>2017-11-14T12:48:48</date>
  <millis>1510643928275</millis>
  <sequence>17</sequence>
  <level>INFO</level>
  <class>com.kms.katalon.core.logging.KeywordLogger</class>
  <method>logMessage</method>
  <thread>1</thread>
  <message>Evaluating variables for test case</message>
  <nestedLevel>2</nestedLevel>
</record>
<record>
  <date>2017-11-14T12:48:48</date>
  <millis>1510643928276</millis>
  <sequence>18</sequence>
  <level>INFO</level>
  <class>com.kms.katalon.core.logging.KeywordLogger</class>
  <method>logMessage</method>
  <thread>1</thread>
  <message>Variable &amp;apos;BP&amp;apos; is set to M00000010</message>
  <nestedLevel>2</nestedLevel>
</record>
<record>
  <date>2017-11-14T12:48:48</date>
  <millis>1510643928277</millis>
  <sequence>19</sequence>
  <level>INFO</level>
  <class>com.kms.katalon.core.logging.KeywordLogger</class>
  <method>logMessage</method>
  <thread>1</thread>
  <message>Variable &amp;apos;Unit&amp;apos; is set to MD0018255</message>
  <nestedLevel>2</nestedLevel>
</record>
<record>
  <date>2017-11-14T12:48:48</date>
  <millis>1510643928820</millis>
  <sequence>20</sequence>
  <level>START</level>
  <class>com.kms.katalon.core.logging.KeywordLogger</class>
  <method>startKeyword</method>
  <thread>1</thread>
  <message>Start action : callTestCase</message>
  <nestedLevel>1</nestedLevel>
  <property name="startLine">22</property>
  <property name="stepIndex">1</property>
</record>
<record>
  <date>2017-11-14T12:48:48</date>
  <millis>1510643928836</millis>
  <sequence>21</sequence>
  <level>INFO</level>
  <class>com.kms.katalon.core.logging.KeywordLogger</class>
  <method>logMessage</method>
  <thread>1</thread>
  <message>Checking called Test Case</message>
  <nestedLevel>2</nestedLevel>
</record>
<record>
  <date>2017-11-14T12:48:48</date>
  <millis>1510643928837</millis>
  <sequence>22</sequence>
  <level>INFO</level>
  <class>com.kms.katalon.core.logging.KeywordLogger</class>
  <method>logMessage</method>
  <thread>1</thread>
  <message>Starting to call Test Case &amp;apos;Test Cases/Common/Base_Common_OpenSession&amp;apos;</message>
  <nestedLevel>2</nestedLevel>
</record>
<record>
  <date>2017-11-14T12:48:48</date>
  <millis>1510643928899</millis>
  <sequence>23</sequence>
  <level>START</level>
  <class>com.kms.katalon.core.logging.KeywordLogger</class>
  <method>startTest</method>
  <thread>1</thread>
  <message>Start Test Case : Test Cases/Common/Base_Common_OpenSession</message>
  <nestedLevel>3</nestedLevel>
  <property name="name">Test Cases/Common/Base_Common_OpenSession</property>
  <property name="description">This test case is used to open session\nInput: sessionID\n\nSteps:\n1. Open browser\n2. Open url\n3. Click on More &gt; options&gt; runprogram\n4. Enter &apos;session id&apos;\n5. Click on OK</property>
  <property name="id">Test Cases/Common/Base_Common_OpenSession</property>
  <property name="source">C:\\Users\\agawhande\\git\\CreditCardTest Cases\\Common\\Base_Common_OpenSession.tc</property>
  <property name="isOptional">false</property>
</record>
<record>
  <date>2017-11-14T12:48:48</date>
  <millis>1510643928919</millis>
  <sequence>24</sequence>
  <level>INFO</level>
  <class>com.kms.katalon.core.logging.KeywordLogger</class>
  <method>logMessage</method>
  <thread>1</thread>
  <message>Evaluating variables for test case</message>
  <nestedLevel>3</nestedLevel>
</record>
<record>
  <date>2017-11-14T12:48:48</date>
  <millis>1510643928920</millis>
  <sequence>25</sequence>
  <level>INFO</level>
  <class>com.kms.katalon.core.logging.KeywordLogger</class>
  <method>logMessage</method>
  <thread>1</thread>
  <message>Variable &amp;apos;SessionID&amp;apos; is set to erext4100s004</message>
  <nestedLevel>3</nestedLevel>
</record>
<record>
  <date>2017-11-14T12:48:49</date>
  <millis>1510643929469</millis>
  <sequence>26</sequence>
  <level>START</level>
  <class>com.kms.katalon.core.logging.KeywordLogger</class>
  <method>startKeyword</method>
  <thread>1</thread>
  <message>Start action : openBrowser</message>
  <nestedLevel>1</nestedLevel>
  <property name="startLine">23</property>
  <property name="stepIndex">1</property>
</record>
<record>
  <date>2017-11-14T12:48:50</date>
  <millis>1510643930136</millis>
  <sequence>27</sequence>
  <level>INFO</level>
  <class>com.kms.katalon.core.logging.KeywordLogger</class>
  <method>logMessage</method>
  <thread>1</thread>
  <message>Opening browser</message>
  <nestedLevel>3</nestedLevel>
</record>
<record>
  <date>2017-11-14T12:48:50</date>
  <millis>1510643930170</millis>
  <sequence>28</sequence>
  <level>INFO</level>
  <class>com.kms.katalon.core.logging.KeywordLogger</class>
  <method>logMessage</method>
  <thread>1</thread>
  <message>Starting &amp;apos;Firefox&amp;apos; driver</message>
  <nestedLevel>3</nestedLevel>
</record>
<record>
  <date>2017-11-14T12:48:52</date>
  <millis>1510643932455</millis>
  <sequence>29</sequence>
  <level>INFO</level>
  <class>com.kms.katalon.core.logging.KeywordLogger</class>
  <method>logMessage</method>
  <thread>1</thread>
  <message>Action delay is set to 0 seconds</message>
  <nestedLevel>3</nestedLevel>
</record>
